Build started 26/09/2014 21:10:35.
     1>Project "D:\Projects\expat-2.1.0\xmlwf\xmlwf.vcxproj" on node 3 (build target(s)).
     1>InitializeBuildStatus:
         Creating ".\..\win32\tmp\Release-xmlwf\xmlwf.unsuccessfulbuild" because "AlwaysCreate" was specified.
       ClCompile:
         D:\Program Files (x86)\Microsoft Visual Studio 10.0\VC\bin\CL.exe /c /I..\lib /Zi /nologo /W3 /WX- /O2 /Ob1 /Oy- /D NDEBUG /D WIN32 /D _CONSOLE /D COMPILED_FROM_DSP /D _VC80_UPGRADE=0x0600 /GF /Gm- /EHsc /MT /GS /Gy /fp:precise /Zc:wchar_t /Zc:forScope /Fo".\..\win32\tmp\Release-xmlwf\\" /Fd".\..\win32\tmp\Release-xmlwf\vc100.pdb" /Gd /TC /analyze- /errorReport:prompt codepage.c win32filemap.c xmlfile.c xmlwf.c
         codepage.c
         win32filemap.c
         xmlfile.c
     1>xmlfile.c(118): warning C4996: 'strcpy': This function or variable may be unsafe. Consider using strcpy_s instead. To disable deprecation, use _CRT_SECURE_NO_WARNINGS. See online help for details.
     1>xmlfile.c(126): warning C4996: 'strcpy': This function or variable may be unsafe. Consider using strcpy_s instead. To disable deprecation, use _CRT_SECURE_NO_WARNINGS. See online help for details.
     1>xmlfile.c(160): warning C4996: 'open': The POSIX name for this item is deprecated. Instead, use the ISO C++ conformant name: _open. See online help for details.
                 D:\Program Files (x86)\Microsoft Visual Studio 10.0\VC\include\io.h(312) : see declaration of 'open'
     1>xmlfile.c(171): warning C4996: 'close': The POSIX name for this item is deprecated. Instead, use the ISO C++ conformant name: _close. See online help for details.
                 D:\Program Files (x86)\Microsoft Visual Studio 10.0\VC\include\io.h(302) : see declaration of 'close'
     1>xmlfile.c(176): warning C4996: 'read': The POSIX name for this item is deprecated. Instead, use the ISO C++ conformant name: _read. See online help for details.
                 D:\Program Files (x86)\Microsoft Visual Studio 10.0\VC\include\io.h(313) : see declaration of 'read'
     1>xmlfile.c(180): warning C4996: 'close': The POSIX name for this item is deprecated. Instead, use the ISO C++ conformant name: _close. See online help for details.
                 D:\Program Files (x86)\Microsoft Visual Studio 10.0\VC\include\io.h(302) : see declaration of 'close'
     1>xmlfile.c(186): warning C4996: 'close': The POSIX name for this item is deprecated. Instead, use the ISO C++ conformant name: _close. See online help for details.
                 D:\Program Files (x86)\Microsoft Visual Studio 10.0\VC\include\io.h(302) : see declaration of 'close'
     1>xmlfile.c(191): warning C4996: 'close': The POSIX name for this item is deprecated. Instead, use the ISO C++ conformant name: _close. See online help for details.
                 D:\Program Files (x86)\Microsoft Visual Studio 10.0\VC\include\io.h(302) : see declaration of 'close'
         xmlwf.c
     1>xmlwf.c(795): warning C4996: 'strcpy': This function or variable may be unsafe. Consider using strcpy_s instead. To disable deprecation, use _CRT_SECURE_NO_WARNINGS. See online help for details.
     1>xmlwf.c(796): warning C4996: 'strcat': This function or variable may be unsafe. Consider using strcat_s instead. To disable deprecation, use _CRT_SECURE_NO_WARNINGS. See online help for details.
     1>xmlwf.c(797): warning C4996: 'strcat': This function or variable may be unsafe. Consider using strcat_s instead. To disable deprecation, use _CRT_SECURE_NO_WARNINGS. See online help for details.
     1>xmlwf.c(798): warning C4996: 'fopen': This function or variable may be unsafe. Consider using fopen_s instead. To disable deprecation, use _CRT_SECURE_NO_WARNINGS. See online help for details.
                 D:\Program Files (x86)\Microsoft Visual Studio 10.0\VC\include\stdio.h(234) : see declaration of 'fopen'
         Generating Code...
       Link:
         D:\Program Files (x86)\Microsoft Visual Studio 10.0\VC\bin\link.exe /ERRORREPORT:PROMPT /OUT:"..\win32\bin\Release\xmlwf.exe" /INCREMENTAL:NO /NOLOGO /LIBPATH:..\win32\bin\Release libexpat.lib setargv.obj kernel32.lib user32.lib gdi32.lib winspool.lib comdlg32.lib advapi32.lib shell32.lib ole32.lib oleaut32.lib uuid.lib odbc32.lib odbccp32.lib /MANIFEST /ManifestFile:".\..\win32\tmp\Release-xmlwf\xmlwf.exe.intermediate.manifest" /MANIFESTUAC:"level='asInvoker' uiAccess='false'" /PDB:"D:\Projects\expat-2.1.0\win32\bin\Release\xmlwf.pdb" /SUBSYSTEM:CONSOLE /TLBID:1 /DYNAMICBASE /NXCOMPAT /IMPLIB:".\..\win32\bin\Release\xmlwf.lib" /MACHINE:X86 ".\..\win32\tmp\Release-xmlwf\codepage.obj"
         ".\..\win32\tmp\Release-xmlwf\win32filemap.obj"
         ".\..\win32\tmp\Release-xmlwf\xmlfile.obj"
         ".\..\win32\tmp\Release-xmlwf\xmlwf.obj"
         xmlwf.vcxproj -> D:\Projects\expat-2.1.0\xmlwf\.\..\win32\bin\Release\xmlwf.exe
       Manifest:
         C:\Program Files (x86)\Microsoft SDKs\Windows\v7.0A\bin\mt.exe /nologo /verbose /outputresource:"..\win32\bin\Release\xmlwf.exe;#1" /manifest ".\..\win32\tmp\Release-xmlwf\xmlwf.exe.intermediate.manifest"
       FinalizeBuildStatus:
         Deleting file ".\..\win32\tmp\Release-xmlwf\xmlwf.unsuccessfulbuild".
         Touching ".\..\win32\tmp\Release-xmlwf\xmlwf.lastbuildstate".
     1>Done Building Project "D:\Projects\expat-2.1.0\xmlwf\xmlwf.vcxproj" (build target(s)).

Build succeeded.

Time Elapsed 00:00:00.74
