Build started 26/09/2014 21:08:46.
     1>Project "D:\Projects\expat-2.1.0\examples\outline.vcxproj" on node 4 (build target(s)).
     1>InitializeBuildStatus:
         Creating ".\..\win32\tmp\Debug-outline\outline.unsuccessfulbuild" because "AlwaysCreate" was specified.
       ClCompile:
         D:\Program Files (x86)\Microsoft Visual Studio 10.0\VC\bin\CL.exe /c /I..\lib /ZI /nologo /W3 /WX- /Od /Oy- /D WIN32 /D _DEBUG /D _CONSOLE /D _VC80_UPGRADE=0x0600 /D _MBCS /Gm /EHsc /RTC1 /MTd /GS /Gy- /fp:precise /Zc:wchar_t /Zc:forScope /Fo".\..\win32\tmp\Debug-outline\\" /Fd".\..\win32\tmp\Debug-outline\vc100.pdb" /Gd /TC /analyze- /errorReport:prompt outline.c
         outline.c
       ManifestResourceCompile:
         C:\Program Files (x86)\Microsoft SDKs\Windows\v7.0A\bin\rc.exe /nologo /fo".\..\win32\tmp\Debug-outline\outline.exe.embed.manifest.res" .\..\win32\tmp\Debug-outline\outline_manifest.rc 
       Link:
         D:\Program Files (x86)\Microsoft Visual Studio 10.0\VC\bin\link.exe /ERRORREPORT:PROMPT /OUT:"..\win32\bin\Debug\outline.exe" /INCREMENTAL /NOLOGO /LIBPATH:..\win32\bin\Debug libexpat.lib kernel32.lib user32.lib gdi32.lib winspool.lib comdlg32.lib advapi32.lib shell32.lib ole32.lib oleaut32.lib uuid.lib odbc32.lib odbccp32.lib /MANIFEST /ManifestFile:".\..\win32\tmp\Debug-outline\outline.exe.intermediate.manifest" /MANIFESTUAC:"level='asInvoker' uiAccess='false'" /DEBUG /PDB:"D:\Projects\expat-2.1.0\win32\bin\Debug\outline.pdb" /SUBSYSTEM:CONSOLE /TLBID:1 /DYNAMICBASE /NXCOMPAT /IMPLIB:".\..\win32\bin\Debug\outline.lib" /MACHINE:X86 ".\..\win32\tmp\Debug-outline\outline.exe.embed.manifest.res"
         ".\..\win32\tmp\Debug-outline\outline.obj"
       Manifest:
         C:\Program Files (x86)\Microsoft SDKs\Windows\v7.0A\bin\mt.exe /nologo /verbose /out:".\..\win32\tmp\Debug-outline\outline.exe.embed.manifest" /manifest ".\..\win32\tmp\Debug-outline\outline.exe.intermediate.manifest"
         C:\Program Files (x86)\Microsoft SDKs\Windows\v7.0A\bin\rc.exe /nologo /fo".\..\win32\tmp\Debug-outline\outline.exe.embed.manifest.res" .\..\win32\tmp\Debug-outline\outline_manifest.rc 
       LinkEmbedManifest:
         D:\Program Files (x86)\Microsoft Visual Studio 10.0\VC\bin\link.exe /ERRORREPORT:PROMPT /OUT:"..\win32\bin\Debug\outline.exe" /INCREMENTAL /NOLOGO /LIBPATH:..\win32\bin\Debug libexpat.lib kernel32.lib user32.lib gdi32.lib winspool.lib comdlg32.lib advapi32.lib shell32.lib ole32.lib oleaut32.lib uuid.lib odbc32.lib odbccp32.lib /MANIFEST /ManifestFile:".\..\win32\tmp\Debug-outline\outline.exe.intermediate.manifest" /MANIFESTUAC:"level='asInvoker' uiAccess='false'" /DEBUG /PDB:"D:\Projects\expat-2.1.0\win32\bin\Debug\outline.pdb" /SUBSYSTEM:CONSOLE /TLBID:1 /DYNAMICBASE /NXCOMPAT /IMPLIB:".\..\win32\bin\Debug\outline.lib" /MACHINE:X86 ".\..\win32\tmp\Debug-outline\outline.exe.embed.manifest.res"
         ".\..\win32\tmp\Debug-outline\outline.obj"
         outline.vcxproj -> D:\Projects\expat-2.1.0\examples\.\..\win32\bin\Debug\outline.exe
       FinalizeBuildStatus:
         Deleting file ".\..\win32\tmp\Debug-outline\outline.unsuccessfulbuild".
         Touching ".\..\win32\tmp\Debug-outline\outline.lastbuildstate".
     1>Done Building Project "D:\Projects\expat-2.1.0\examples\outline.vcxproj" (build target(s)).

Build succeeded.

Time Elapsed 00:00:00.71
