Build started 26/09/2014 21:08:46.
     1>Project "D:\Projects\expat-2.1.0\xmlwf\xmlwf.vcxproj" on node 3 (build target(s)).
     1>InitializeBuildStatus:
         Creating ".\..\win32\tmp\Debug-xmlwf\xmlwf.unsuccessfulbuild" because "AlwaysCreate" was specified.
       ClCompile:
         D:\Program Files (x86)\Microsoft Visual Studio 10.0\VC\bin\CL.exe /c /I..\lib /ZI /nologo /W3 /WX- /Od /Oy- /D _DEBUG /D WIN32 /D _CONSOLE /D COMPILED_FROM_DSP /D _VC80_UPGRADE=0x0600 /Gm- /EHsc /MTd /GS /Gy- /fp:precise /Zc:wchar_t /Zc:forScope /Fo".\..\win32\tmp\Debug-xmlwf\\" /Fd".\..\win32\tmp\Debug-xmlwf\vc100.pdb" /Gd /TC /analyze- /errorReport:prompt codepage.c win32filemap.c xmlfile.c xmlwf.c
         codepage.c
         win32filemap.c
         xmlfile.c
     1>d:\projects\expat-2.1.0\xmlwf\xmlfile.c(118): warning C4996: 'strcpy': This function or variable may be unsafe. Consider using strcpy_s instead. To disable deprecation, use _CRT_SECURE_NO_WARNINGS. See online help for details.
                 d:\program files (x86)\microsoft visual studio 10.0\vc\include\string.h(105) : see declaration of 'strcpy'
     1>d:\projects\expat-2.1.0\xmlwf\xmlfile.c(126): warning C4996: 'strcpy': This function or variable may be unsafe. Consider using strcpy_s instead. To disable deprecation, use _CRT_SECURE_NO_WARNINGS. See online help for details.
                 d:\program files (x86)\microsoft visual studio 10.0\vc\include\string.h(105) : see declaration of 'strcpy'
     1>d:\projects\expat-2.1.0\xmlwf\xmlfile.c(160): warning C4996: 'open': The POSIX name for this item is deprecated. Instead, use the ISO C++ conformant name: _open. See online help for details.
                 d:\program files (x86)\microsoft visual studio 10.0\vc\include\io.h(312) : see declaration of 'open'
     1>d:\projects\expat-2.1.0\xmlwf\xmlfile.c(171): warning C4996: 'close': The POSIX name for this item is deprecated. Instead, use the ISO C++ conformant name: _close. See online help for details.
                 d:\program files (x86)\microsoft visual studio 10.0\vc\include\io.h(302) : see declaration of 'close'
     1>d:\projects\expat-2.1.0\xmlwf\xmlfile.c(176): warning C4996: 'read': The POSIX name for this item is deprecated. Instead, use the ISO C++ conformant name: _read. See online help for details.
                 d:\program files (x86)\microsoft visual studio 10.0\vc\include\io.h(313) : see declaration of 'read'
     1>d:\projects\expat-2.1.0\xmlwf\xmlfile.c(180): warning C4996: 'close': The POSIX name for this item is deprecated. Instead, use the ISO C++ conformant name: _close. See online help for details.
                 d:\program files (x86)\microsoft visual studio 10.0\vc\include\io.h(302) : see declaration of 'close'
     1>d:\projects\expat-2.1.0\xmlwf\xmlfile.c(186): warning C4996: 'close': The POSIX name for this item is deprecated. Instead, use the ISO C++ conformant name: _close. See online help for details.
                 d:\program files (x86)\microsoft visual studio 10.0\vc\include\io.h(302) : see declaration of 'close'
     1>d:\projects\expat-2.1.0\xmlwf\xmlfile.c(191): warning C4996: 'close': The POSIX name for this item is deprecated. Instead, use the ISO C++ conformant name: _close. See online help for details.
                 d:\program files (x86)\microsoft visual studio 10.0\vc\include\io.h(302) : see declaration of 'close'
         xmlwf.c
     1>d:\projects\expat-2.1.0\xmlwf\xmlwf.c(795): warning C4996: 'strcpy': This function or variable may be unsafe. Consider using strcpy_s instead. To disable deprecation, use _CRT_SECURE_NO_WARNINGS. See online help for details.
                 d:\program files (x86)\microsoft visual studio 10.0\vc\include\string.h(105) : see declaration of 'strcpy'
     1>d:\projects\expat-2.1.0\xmlwf\xmlwf.c(796): warning C4996: 'strcat': This function or variable may be unsafe. Consider using strcat_s instead. To disable deprecation, use _CRT_SECURE_NO_WARNINGS. See online help for details.
                 d:\program files (x86)\microsoft visual studio 10.0\vc\include\string.h(110) : see declaration of 'strcat'
     1>d:\projects\expat-2.1.0\xmlwf\xmlwf.c(797): warning C4996: 'strcat': This function or variable may be unsafe. Consider using strcat_s instead. To disable deprecation, use _CRT_SECURE_NO_WARNINGS. See online help for details.
                 d:\program files (x86)\microsoft visual studio 10.0\vc\include\string.h(110) : see declaration of 'strcat'
     1>d:\projects\expat-2.1.0\xmlwf\xmlwf.c(798): warning C4996: 'fopen': This function or variable may be unsafe. Consider using fopen_s instead. To disable deprecation, use _CRT_SECURE_NO_WARNINGS. See online help for details.
                 d:\program files (x86)\microsoft visual studio 10.0\vc\include\stdio.h(234) : see declaration of 'fopen'
         Generating Code...
       ManifestResourceCompile:
         C:\Program Files (x86)\Microsoft SDKs\Windows\v7.0A\bin\rc.exe /nologo /fo".\..\win32\tmp\Debug-xmlwf\xmlwf.exe.embed.manifest.res" .\..\win32\tmp\Debug-xmlwf\xmlwf_manifest.rc 
       Link:
         D:\Program Files (x86)\Microsoft Visual Studio 10.0\VC\bin\link.exe /ERRORREPORT:PROMPT /OUT:"..\win32\bin\Debug\xmlwf.exe" /INCREMENTAL /NOLOGO /LIBPATH:..\win32\bin\Debug libexpat.lib setargv.obj kernel32.lib user32.lib gdi32.lib winspool.lib comdlg32.lib advapi32.lib shell32.lib ole32.lib oleaut32.lib uuid.lib odbc32.lib odbccp32.lib /MANIFEST /ManifestFile:".\..\win32\tmp\Debug-xmlwf\xmlwf.exe.intermediate.manifest" /MANIFESTUAC:"level='asInvoker' uiAccess='false'" /DEBUG /PDB:"D:\Projects\expat-2.1.0\win32\bin\Debug\xmlwf.pdb" /SUBSYSTEM:CONSOLE /TLBID:1 /DYNAMICBASE /NXCOMPAT /IMPLIB:".\..\win32\bin\Debug\xmlwf.lib" /MACHINE:X86 ".\..\win32\tmp\Debug-xmlwf\xmlwf.exe.embed.manifest.res"
         ".\..\win32\tmp\Debug-xmlwf\codepage.obj"
         ".\..\win32\tmp\Debug-xmlwf\win32filemap.obj"
         ".\..\win32\tmp\Debug-xmlwf\xmlfile.obj"
         ".\..\win32\tmp\Debug-xmlwf\xmlwf.obj"
       Manifest:
         C:\Program Files (x86)\Microsoft SDKs\Windows\v7.0A\bin\mt.exe /nologo /verbose /out:".\..\win32\tmp\Debug-xmlwf\xmlwf.exe.embed.manifest" /manifest ".\..\win32\tmp\Debug-xmlwf\xmlwf.exe.intermediate.manifest"
         C:\Program Files (x86)\Microsoft SDKs\Windows\v7.0A\bin\rc.exe /nologo /fo".\..\win32\tmp\Debug-xmlwf\xmlwf.exe.embed.manifest.res" .\..\win32\tmp\Debug-xmlwf\xmlwf_manifest.rc 
       LinkEmbedManifest:
         D:\Program Files (x86)\Microsoft Visual Studio 10.0\VC\bin\link.exe /ERRORREPORT:PROMPT /OUT:"..\win32\bin\Debug\xmlwf.exe" /INCREMENTAL /NOLOGO /LIBPATH:..\win32\bin\Debug libexpat.lib setargv.obj kernel32.lib user32.lib gdi32.lib winspool.lib comdlg32.lib advapi32.lib shell32.lib ole32.lib oleaut32.lib uuid.lib odbc32.lib odbccp32.lib /MANIFEST /ManifestFile:".\..\win32\tmp\Debug-xmlwf\xmlwf.exe.intermediate.manifest" /MANIFESTUAC:"level='asInvoker' uiAccess='false'" /DEBUG /PDB:"D:\Projects\expat-2.1.0\win32\bin\Debug\xmlwf.pdb" /SUBSYSTEM:CONSOLE /TLBID:1 /DYNAMICBASE /NXCOMPAT /IMPLIB:".\..\win32\bin\Debug\xmlwf.lib" /MACHINE:X86 ".\..\win32\tmp\Debug-xmlwf\xmlwf.exe.embed.manifest.res"
         ".\..\win32\tmp\Debug-xmlwf\codepage.obj"
         ".\..\win32\tmp\Debug-xmlwf\win32filemap.obj"
         ".\..\win32\tmp\Debug-xmlwf\xmlfile.obj"
         ".\..\win32\tmp\Debug-xmlwf\xmlwf.obj"
         xmlwf.vcxproj -> D:\Projects\expat-2.1.0\xmlwf\.\..\win32\bin\Debug\xmlwf.exe
       FinalizeBuildStatus:
         Deleting file ".\..\win32\tmp\Debug-xmlwf\xmlwf.unsuccessfulbuild".
         Touching ".\..\win32\tmp\Debug-xmlwf\xmlwf.lastbuildstate".
     1>Done Building Project "D:\Projects\expat-2.1.0\xmlwf\xmlwf.vcxproj" (build target(s)).

Build succeeded.

Time Elapsed 00:00:01.08
